<?xml version="1.0" encoding="UTF-8"?>
<testng-results ignored="0" total="1" passed="1" failed="0" skipped="0">
  <reporter-output>
  </reporter-output>
  <suite started-at="2022-08-02T02:06:56 AST" name="Default suite" finished-at="2022-08-02T02:07:28 AST" duration-ms="31510">
    <groups>
    </groups>
    <test started-at="2022-08-02T02:06:56 AST" name="Default test" finished-at="2022-08-02T02:07:28 AST" duration-ms="31510">
      <class name="ass4W9D2.EdgeWebDriverAss4W9D2">
        <test-method is-config="true" signature="setUp()[pri:0, instance:ass4W9D2.EdgeWebDriverAss4W9D2@222114ba]" started-at="2022-08-02T02:06:56 AST" name="setUp" finished-at="2022-08-02T02:07:08 AST" duration-ms="11630" status="PASS">
          <reporter-output>
          </reporter-output>
        </test-method> <!-- setUp -->
        <test-method signature="LearnEnglishWebSite()[pri:0, instance:ass4W9D2.EdgeWebDriverAss4W9D2@222114ba]" started-at="2022-08-02T02:07:08 AST" name="LearnEnglishWebSite" finished-at="2022-08-02T02:07:27 AST" duration-ms="19075" status="PASS">
          <reporter-output>
          </reporter-output>
        </test-method> <!-- LearnEnglishWebSite -->
        <test-method is-config="true" signature="terminateBrowser()[pri:0, instance:ass4W9D2.EdgeWebDriverAss4W9D2@222114ba]" started-at="2022-08-02T02:07:27 AST" name="terminateBrowser" finished-at="2022-08-02T02:07:28 AST" duration-ms="685" status="PASS">
          <reporter-output>
          </reporter-output>
        </test-method> <!-- terminateBrowser -->
      </class> <!-- ass4W9D2.EdgeWebDriverAss4W9D2 -->
    </test> <!-- Default test -->
  </suite> <!-- Default suite -->
</testng-results>
